<?xml version="1.0" encoding="UTF-8"?>
<testng-results skipped="0" failed="0" ignored="0" total="1" passed="1">
  <reporter-output>
  </reporter-output>
  <suite name="Default suite" duration-ms="36" started-at="2021-03-08T09:01:55Z" finished-at="2021-03-08T09:01:55Z">
    <groups>
    </groups>
    <test name="Default test" duration-ms="36" started-at="2021-03-08T09:01:55Z" finished-at="2021-03-08T09:01:55Z">
      <class name="FirstTestNg.NewTest">
        <test-method status="PASS" signature="beforeSuite()[pri:0, instance:FirstTestNg.NewTest@1753acfe]" name="beforeSuite" is-config="true" duration-ms="15" started-at="2021-03-08T09:01:55Z" finished-at="2021-03-08T09:01:55Z">
          <reporter-output>
          </reporter-output>
        </test-method> <!-- beforeSuite -->
        <test-method status="PASS" signature="beforeTest()[pri:0, instance:FirstTestNg.NewTest@1753acfe]" name="beforeTest" is-config="true" duration-ms="1" started-at="2021-03-08T09:01:55Z" finished-at="2021-03-08T09:01:55Z">
          <reporter-output>
          </reporter-output>
        </test-method> <!-- beforeTest -->
        <test-method status="PASS" signature="beforeClass()[pri:0, instance:FirstTestNg.NewTest@1753acfe]" name="beforeClass" is-config="true" duration-ms="1" started-at="2021-03-08T09:01:55Z" finished-at="2021-03-08T09:01:55Z">
          <reporter-output>
          </reporter-output>
        </test-method> <!-- beforeClass -->
        <test-method status="PASS" signature="beforeMethod()[pri:0, instance:FirstTestNg.NewTest@1753acfe]" name="beforeMethod" is-config="true" duration-ms="0" started-at="2021-03-08T09:01:55Z" finished-at="2021-03-08T09:01:55Z">
          <reporter-output>
          </reporter-output>
        </test-method> <!-- beforeMethod -->
        <test-method status="PASS" signature="test()[pri:0, instance:FirstTestNg.NewTest@1753acfe]" name="test" duration-ms="7" started-at="2021-03-08T09:01:55Z" finished-at="2021-03-08T09:01:55Z">
          <reporter-output>
          </reporter-output>
        </test-method> <!-- test -->
        <test-method status="PASS" signature="afterMethod()[pri:0, instance:FirstTestNg.NewTest@1753acfe]" name="afterMethod" is-config="true" duration-ms="1" started-at="2021-03-08T09:01:55Z" finished-at="2021-03-08T09:01:55Z">
          <reporter-output>
          </reporter-output>
        </test-method> <!-- afterMethod -->
        <test-method status="PASS" signature="afterClass()[pri:0, instance:FirstTestNg.NewTest@1753acfe]" name="afterClass" is-config="true" duration-ms="0" started-at="2021-03-08T09:01:55Z" finished-at="2021-03-08T09:01:55Z">
          <reporter-output>
          </reporter-output>
        </test-method> <!-- afterClass -->
        <test-method status="PASS" signature="afterTest()[pri:0, instance:FirstTestNg.NewTest@1753acfe]" name="afterTest" is-config="true" duration-ms="1" started-at="2021-03-08T09:01:55Z" finished-at="2021-03-08T09:01:55Z">
          <reporter-output>
          </reporter-output>
        </test-method> <!-- afterTest -->
        <test-method status="PASS" signature="afterSuite()[pri:0, instance:FirstTestNg.NewTest@1753acfe]" name="afterSuite" is-config="true" duration-ms="1" started-at="2021-03-08T09:01:55Z" finished-at="2021-03-08T09:01:55Z">
          <reporter-output>
          </reporter-output>
        </test-method> <!-- afterSuite -->
      </class> <!-- FirstTestNg.NewTest -->
    </test> <!-- Default test -->
  </suite> <!-- Default suite -->
</testng-results>
